This is pdfTeX, Version 3.14159265-2.6-1.40.18 (TeX Live 2017) (preloaded format=pdflatex 2018.3.19)  4 SEP 2018 12:18
entering extended mode
 restricted \write18 enabled.
 %&-line parsing enabled.
**CARBayes.tex
(./CARBayes.tex
LaTeX2e <2017-04-15>
Babel <3.18> and hyphenation patterns for 84 language(s) loaded.
(/Library/Frameworks/R.framework/Resources/share/texmf/tex/latex/jss.cls
Document Class: jss 2015/09/01 3.0 jss class by Achim Zeileis
(/usr/local/texlive/2017/texmf-dist/tex/latex/base/article.cls
Document Class: article 2014/09/29 v1.4h Standard LaTeX document class
(/usr/local/texlive/2017/texmf-dist/tex/latex/base/size11.clo
File: size11.clo 2014/09/29 v1.4h Standard LaTeX file (size option)
)
\c@part=\count79
\c@section=\count80
\c@subsection=\count81
\c@subsubsection=\count82
\c@paragraph=\count83
\c@subparagraph=\count84
\c@figure=\count85
\c@table=\count86
\abovecaptionskip=\skip41
\belowcaptionskip=\skip42
\bibindent=\dimen102
)
(/usr/local/texlive/2017/texmf-dist/tex/latex/graphics/graphicx.sty
Package: graphicx 2017/06/01 v1.1a Enhanced LaTeX Graphics (DPC,SPQR)

(/usr/local/texlive/2017/texmf-dist/tex/latex/graphics/keyval.sty
Package: keyval 2014/10/28 v1.15 key=value parser (DPC)
\KV@toks@=\toks14
)
(/usr/local/texlive/2017/texmf-dist/tex/latex/graphics/graphics.sty
Package: graphics 2017/06/25 v1.2c Standard LaTeX Graphics (DPC,SPQR)

(/usr/local/texlive/2017/texmf-dist/tex/latex/graphics/trig.sty
Package: trig 2016/01/03 v1.10 sin cos tan (DPC)
)
(/usr/local/texlive/2017/texmf-dist/tex/latex/graphics-cfg/graphics.cfg
File: graphics.cfg 2016/06/04 v1.11 sample graphics configuration
)
Package graphics Info: Driver file: pdftex.def on input line 99.

(/usr/local/texlive/2017/texmf-dist/tex/latex/graphics-def/pdftex.def
File: pdftex.def 2018/01/08 v1.0l Graphics/color driver for pdftex
))
\Gin@req@height=\dimen103
\Gin@req@width=\dimen104
)
(/usr/local/texlive/2017/texmf-dist/tex/latex/graphics/color.sty
Package: color 2016/07/10 v1.1e Standard LaTeX Color (DPC)

(/usr/local/texlive/2017/texmf-dist/tex/latex/graphics-cfg/color.cfg
File: color.cfg 2016/01/02 v1.6 sample color configuration
)
Package color Info: Driver file: pdftex.def on input line 147.
)
(/usr/local/texlive/2017/texmf-dist/tex/latex/ae/ae.sty
Package: ae 2001/02/12 1.3 Almost European Computer Modern

(/usr/local/texlive/2017/texmf-dist/tex/latex/base/fontenc.sty
Package: fontenc 2017/04/05 v2.0i Standard LaTeX package

(/usr/local/texlive/2017/texmf-dist/tex/latex/base/t1enc.def
File: t1enc.def 2017/04/05 v2.0i Standard LaTeX file
LaTeX Font Info:    Redeclaring font encoding T1 on input line 48.
)
LaTeX Font Info:    Try loading font information for T1+aer on input line 105.

(/usr/local/texlive/2017/texmf-dist/tex/latex/ae/t1aer.fd
File: t1aer.fd 1997/11/16 Font definitions for T1/aer.
)))
(/usr/local/texlive/2017/texmf-dist/tex/latex/fancyvrb/fancyvrb.sty
Package: fancyvrb 2008/02/07

Style option: `fancyvrb' v2.7a, with DG/SPQR fixes, and firstline=lastline fix 
<2008/02/07> (tvz)
\FV@CodeLineNo=\count87
\FV@InFile=\read1
\FV@TabBox=\box26
\c@FancyVerbLine=\count88
\FV@StepNumber=\count89
\FV@OutFile=\write3
)
(/usr/local/texlive/2017/texmf-dist/tex/latex/base/fontenc.sty
Package: fontenc 2017/04/05 v2.0i Standard LaTeX package

(/usr/local/texlive/2017/texmf-dist/tex/latex/base/t1enc.def
File: t1enc.def 2017/04/05 v2.0i Standard LaTeX file
LaTeX Font Info:    Redeclaring font encoding T1 on input line 48.
))
(/usr/local/texlive/2017/texmf-dist/tex/latex/upquote/upquote.sty
Package: upquote 2012/04/19 v1.3 upright-quote and grave-accent glyphs in verba
tim

(/usr/local/texlive/2017/texmf-dist/tex/latex/base/textcomp.sty
Package: textcomp 2017/04/05 v2.0i Standard LaTeX package
Package textcomp Info: Sub-encoding information:
(textcomp)               5 = only ISO-Adobe without \textcurrency
(textcomp)               4 = 5 + \texteuro
(textcomp)               3 = 4 + \textohm
(textcomp)               2 = 3 + \textestimated + \textcurrency
(textcomp)               1 = TS1 - \textcircled - \t
(textcomp)               0 = TS1 (full)
(textcomp)             Font families with sub-encoding setting implement
(textcomp)             only a restricted character set as indicated.
(textcomp)             Family '?' is the default used for unknown fonts.
(textcomp)             See the documentation for details.
Package textcomp Info: Setting ? sub-encoding to TS1/1 on input line 79.

(/usr/local/texlive/2017/texmf-dist/tex/latex/base/ts1enc.def
File: ts1enc.def 2001/06/05 v3.0e (jk/car/fm) Standard LaTeX file
)
LaTeX Info: Redefining \oldstylenums on input line 334.
Package textcomp Info: Setting cmr sub-encoding to TS1/0 on input line 349.
Package textcomp Info: Setting cmss sub-encoding to TS1/0 on input line 350.
Package textcomp Info: Setting cmtt sub-encoding to TS1/0 on input line 351.
Package textcomp Info: Setting cmvtt sub-encoding to TS1/0 on input line 352.
Package textcomp Info: Setting cmbr sub-encoding to TS1/0 on input line 353.
Package textcomp Info: Setting cmtl sub-encoding to TS1/0 on input line 354.
Package textcomp Info: Setting ccr sub-encoding to TS1/0 on input line 355.
Package textcomp Info: Setting ptm sub-encoding to TS1/4 on input line 356.
Package textcomp Info: Setting pcr sub-encoding to TS1/4 on input line 357.
Package textcomp Info: Setting phv sub-encoding to TS1/4 on input line 358.
Package textcomp Info: Setting ppl sub-encoding to TS1/3 on input line 359.
Package textcomp Info: Setting pag sub-encoding to TS1/4 on input line 360.
Package textcomp Info: Setting pbk sub-encoding to TS1/4 on input line 361.
Package textcomp Info: Setting pnc sub-encoding to TS1/4 on input line 362.
Package textcomp Info: Setting pzc sub-encoding to TS1/4 on input line 363.
Package textcomp Info: Setting bch sub-encoding to TS1/4 on input line 364.
Package textcomp Info: Setting put sub-encoding to TS1/5 on input line 365.
Package textcomp Info: Setting uag sub-encoding to TS1/5 on input line 366.
Package textcomp Info: Setting ugq sub-encoding to TS1/5 on input line 367.
Package textcomp Info: Setting ul8 sub-encoding to TS1/4 on input line 368.
Package textcomp Info: Setting ul9 sub-encoding to TS1/4 on input line 369.
Package textcomp Info: Setting augie sub-encoding to TS1/5 on input line 370.
Package textcomp Info: Setting dayrom sub-encoding to TS1/3 on input line 371.
Package textcomp Info: Setting dayroms sub-encoding to TS1/3 on input line 372.

Package textcomp Info: Setting pxr sub-encoding to TS1/0 on input line 373.
Package textcomp Info: Setting pxss sub-encoding to TS1/0 on input line 374.
Package textcomp Info: Setting pxtt sub-encoding to TS1/0 on input line 375.
Package textcomp Info: Setting txr sub-encoding to TS1/0 on input line 376.
Package textcomp Info: Setting txss sub-encoding to TS1/0 on input line 377.
Package textcomp Info: Setting txtt sub-encoding to TS1/0 on input line 378.
Package textcomp Info: Setting lmr sub-encoding to TS1/0 on input line 379.
Package textcomp Info: Setting lmdh sub-encoding to TS1/0 on input line 380.
Package textcomp Info: Setting lmss sub-encoding to TS1/0 on input line 381.
Package textcomp Info: Setting lmssq sub-encoding to TS1/0 on input line 382.
Package textcomp Info: Setting lmvtt sub-encoding to TS1/0 on input line 383.
Package textcomp Info: Setting lmtt sub-encoding to TS1/0 on input line 384.
Package textcomp Info: Setting qhv sub-encoding to TS1/0 on input line 385.
Package textcomp Info: Setting qag sub-encoding to TS1/0 on input line 386.
Package textcomp Info: Setting qbk sub-encoding to TS1/0 on input line 387.
Package textcomp Info: Setting qcr sub-encoding to TS1/0 on input line 388.
Package textcomp Info: Setting qcs sub-encoding to TS1/0 on input line 389.
Package textcomp Info: Setting qpl sub-encoding to TS1/0 on input line 390.
Package textcomp Info: Setting qtm sub-encoding to TS1/0 on input line 391.
Package textcomp Info: Setting qzc sub-encoding to TS1/0 on input line 392.
Package textcomp Info: Setting qhvc sub-encoding to TS1/0 on input line 393.
Package textcomp Info: Setting futs sub-encoding to TS1/4 on input line 394.
Package textcomp Info: Setting futx sub-encoding to TS1/4 on input line 395.
Package textcomp Info: Setting futj sub-encoding to TS1/4 on input line 396.
Package textcomp Info: Setting hlh sub-encoding to TS1/3 on input line 397.
Package textcomp Info: Setting hls sub-encoding to TS1/3 on input line 398.
Package textcomp Info: Setting hlst sub-encoding to TS1/3 on input line 399.
Package textcomp Info: Setting hlct sub-encoding to TS1/5 on input line 400.
Package textcomp Info: Setting hlx sub-encoding to TS1/5 on input line 401.
Package textcomp Info: Setting hlce sub-encoding to TS1/5 on input line 402.
Package textcomp Info: Setting hlcn sub-encoding to TS1/5 on input line 403.
Package textcomp Info: Setting hlcw sub-encoding to TS1/5 on input line 404.
Package textcomp Info: Setting hlcf sub-encoding to TS1/5 on input line 405.
Package textcomp Info: Setting pplx sub-encoding to TS1/3 on input line 406.
Package textcomp Info: Setting pplj sub-encoding to TS1/3 on input line 407.
Package textcomp Info: Setting ptmx sub-encoding to TS1/4 on input line 408.
Package textcomp Info: Setting ptmj sub-encoding to TS1/4 on input line 409.
))
(/usr/local/texlive/2017/texmf-dist/tex/latex/natbib/natbib.sty
Package: natbib 2010/09/13 8.31b (PWD, AO)
\bibhang=\skip43
\bibsep=\skip44
LaTeX Info: Redefining \cite on input line 694.
\c@NAT@ctr=\count90
)
\footerskip=\skip45

(/usr/local/texlive/2017/texmf-dist/tex/latex/hyperref/hyperref.sty
Package: hyperref 2018/02/06 v6.86b Hypertext links for LaTeX

(/usr/local/texlive/2017/texmf-dist/tex/generic/oberdiek/hobsub-hyperref.sty
Package: hobsub-hyperref 2016/05/16 v1.14 Bundle oberdiek, subset hyperref (HO)


(/usr/local/texlive/2017/texmf-dist/tex/generic/oberdiek/hobsub-generic.sty
Package: hobsub-generic 2016/05/16 v1.14 Bundle oberdiek, subset generic (HO)
Package: hobsub 2016/05/16 v1.14 Construct package bundles (HO)
Package: infwarerr 2016/05/16 v1.4 Providing info/warning/error messages (HO)
Package: ltxcmds 2016/05/16 v1.23 LaTeX kernel commands for general use (HO)
Package: ifluatex 2016/05/16 v1.4 Provides the ifluatex switch (HO)
Package ifluatex Info: LuaTeX not detected.
Package: ifvtex 2016/05/16 v1.6 Detect VTeX and its facilities (HO)
Package ifvtex Info: VTeX not detected.
Package: intcalc 2016/05/16 v1.2 Expandable calculations with integers (HO)
Package: ifpdf 2017/03/15 v3.2 Provides the ifpdf switch
Package: etexcmds 2016/05/16 v1.6 Avoid name clashes with e-TeX commands (HO)
Package etexcmds Info: Could not find \expanded.
(etexcmds)             That can mean that you are not using pdfTeX 1.50 or
(etexcmds)             that some package has redefined \expanded.
(etexcmds)             In the latter case, load this package earlier.
Package: kvsetkeys 2016/05/16 v1.17 Key value parser (HO)
Package: kvdefinekeys 2016/05/16 v1.4 Define keys (HO)
Package: pdftexcmds 2018/01/21 v0.26 Utility functions of pdfTeX for LuaTeX (HO
)
Package pdftexcmds Info: LuaTeX not detected.
Package pdftexcmds Info: \pdf@primitive is available.
Package pdftexcmds Info: \pdf@ifprimitive is available.
Package pdftexcmds Info: \pdfdraftmode found.
Package: pdfescape 2016/05/16 v1.14 Implements pdfTeX's escape features (HO)
Package: bigintcalc 2016/05/16 v1.4 Expandable calculations on big integers (HO
)
Package: bitset 2016/05/16 v1.2 Handle bit-vector datatype (HO)
Package: uniquecounter 2016/05/16 v1.3 Provide unlimited unique counter (HO)
)
Package hobsub Info: Skipping package `hobsub' (already loaded).
Package: letltxmacro 2016/05/16 v1.5 Let assignment for LaTeX macros (HO)
Package: hopatch 2016/05/16 v1.3 Wrapper for package hooks (HO)
Package: xcolor-patch 2016/05/16 xcolor patch
Package: atveryend 2016/05/16 v1.9 Hooks at the very end of document (HO)
Package atveryend Info: \enddocument detected (standard20110627).
Package: atbegshi 2016/06/09 v1.18 At begin shipout hook (HO)
Package: refcount 2016/05/16 v3.5 Data extraction from label references (HO)
Package: hycolor 2016/05/16 v1.8 Color options for hyperref/bookmark (HO)
)
(/usr/local/texlive/2017/texmf-dist/tex/generic/ifxetex/ifxetex.sty
Package: ifxetex 2010/09/12 v0.6 Provides ifxetex conditional
)
(/usr/local/texlive/2017/texmf-dist/tex/latex/oberdiek/auxhook.sty
Package: auxhook 2016/05/16 v1.4 Hooks for auxiliary files (HO)
)
(/usr/local/texlive/2017/texmf-dist/tex/latex/oberdiek/kvoptions.sty
Package: kvoptions 2016/05/16 v3.12 Key value format for package options (HO)
)
\@linkdim=\dimen105
\Hy@linkcounter=\count91
\Hy@pagecounter=\count92

(/usr/local/texlive/2017/texmf-dist/tex/latex/hyperref/pd1enc.def
File: pd1enc.def 2018/02/06 v6.86b Hyperref: PDFDocEncoding definition (HO)
)
\Hy@SavedSpaceFactor=\count93

(/usr/local/texlive/2017/texmf-dist/tex/latex/latexconfig/hyperref.cfg
File: hyperref.cfg 2002/06/06 v1.2 hyperref configuration of TeXLive
)
Package hyperref Info: Hyper figures OFF on input line 4509.
Package hyperref Info: Link nesting OFF on input line 4514.
Package hyperref Info: Hyper index ON on input line 4517.
Package hyperref Info: Plain pages OFF on input line 4524.
Package hyperref Info: Backreferencing OFF on input line 4529.
Package hyperref Info: Implicit mode ON; LaTeX internals redefined.
Package hyperref Info: Bookmarks ON on input line 4762.
\c@Hy@tempcnt=\count94

(/usr/local/texlive/2017/texmf-dist/tex/latex/url/url.sty
\Urlmuskip=\muskip10
Package: url 2013/09/16  ver 3.4  Verb mode for urls, etc.
)
LaTeX Info: Redefining \url on input line 5115.
\XeTeXLinkMargin=\dimen106
\Fld@menulength=\count95
\Field@Width=\dimen107
\Fld@charsize=\dimen108
Package hyperref Info: Hyper figures OFF on input line 6369.
Package hyperref Info: Link nesting OFF on input line 6374.
Package hyperref Info: Hyper index ON on input line 6377.
Package hyperref Info: backreferencing OFF on input line 6384.
Package hyperref Info: Link coloring OFF on input line 6389.
Package hyperref Info: Link coloring with OCG OFF on input line 6394.
Package hyperref Info: PDF/A mode OFF on input line 6399.
LaTeX Info: Redefining \ref on input line 6439.
LaTeX Info: Redefining \pageref on input line 6443.
\Hy@abspage=\count96
\c@Item=\count97
\c@Hfootnote=\count98
)
Package hyperref Info: Driver (autodetected): hpdftex.

(/usr/local/texlive/2017/texmf-dist/tex/latex/hyperref/hpdftex.def
File: hpdftex.def 2018/02/06 v6.86b Hyperref driver for pdfTeX
\Fld@listcount=\count99
\c@bookmark@seq@number=\count100

(/usr/local/texlive/2017/texmf-dist/tex/latex/oberdiek/rerunfilecheck.sty
Package: rerunfilecheck 2016/05/16 v1.8 Rerun checks for auxiliary files (HO)
Package uniquecounter Info: New unique counter `rerunfilecheck' on input line 2
82.
)
\Hy@SectionHShift=\skip46
)
\preXLskip=\skip47
\preLskip=\skip48
\preMskip=\skip49
\preSskip=\skip50
\postMskip=\skip51
\postSskip=\skip52


Package hyperref Warning: Option `hyperindex' has already been used,
(hyperref)                setting the option has no effect on input line 446.

Package hyperref Info: Option `colorlinks' set `true' on input line 446.
Package hyperref Info: Option `linktocpage' set `true' on input line 446.
Package hyperref Info: Option `plainpages' set `false' on input line 446.
) (/usr/local/texlive/2017/texmf-dist/tex/latex/amsfonts/amssymb.sty
Package: amssymb 2013/01/14 v3.01 AMS font symbols

(/usr/local/texlive/2017/texmf-dist/tex/latex/amsfonts/amsfonts.sty
Package: amsfonts 2013/01/14 v3.01 Basic AMSFonts support
\@emptytoks=\toks15
\symAMSa=\mathgroup4
\symAMSb=\mathgroup5
LaTeX Font Info:    Overwriting math alphabet `\mathfrak' in version `bold'
(Font)                  U/euf/m/n --> U/euf/b/n on input line 106.
))
(/usr/local/texlive/2017/texmf-dist/tex/latex/tools/verbatim.sty
Package: verbatim 2014/10/28 v1.5q LaTeX2e package for verbatim enhancements
\every@verbatim=\toks16
\verbatim@line=\toks17
\verbatim@in@stream=\read2
)
(/Library/Frameworks/R.framework/Resources/share/texmf/tex/latex/Sweave.sty
Package: Sweave 

(/usr/local/texlive/2017/texmf-dist/tex/latex/base/ifthen.sty
Package: ifthen 2014/09/29 v1.1c Standard LaTeX ifthen package (DPC)
)
(/usr/local/texlive/2017/texmf-dist/tex/latex/base/fontenc.sty
Package: fontenc 2017/04/05 v2.0i Standard LaTeX package

(/usr/local/texlive/2017/texmf-dist/tex/latex/base/t1enc.def
File: t1enc.def 2017/04/05 v2.0i Standard LaTeX file
LaTeX Font Info:    Redeclaring font encoding T1 on input line 48.
))
Environment Schunk is already defined, stay with former definition)
(./CARBayes.aux)
\openout1 = `CARBayes.aux'.

LaTeX Font Info:    Checking defaults for OML/cmm/m/it on input line 64.
LaTeX Font Info:    ... okay on input line 64.
LaTeX Font Info:    Checking defaults for T1/cmr/m/n on input line 64.
LaTeX Font Info:    ... okay on input line 64.
LaTeX Font Info:    Checking defaults for OT1/cmr/m/n on input line 64.
LaTeX Font Info:    ... okay on input line 64.
LaTeX Font Info:    Checking defaults for OMS/cmsy/m/n on input line 64.
LaTeX Font Info:    ... okay on input line 64.
LaTeX Font Info:    Checking defaults for OMX/cmex/m/n on input line 64.
LaTeX Font Info:    ... okay on input line 64.
LaTeX Font Info:    Checking defaults for U/cmr/m/n on input line 64.
LaTeX Font Info:    ... okay on input line 64.
LaTeX Font Info:    Checking defaults for TS1/cmr/m/n on input line 64.
LaTeX Font Info:    Try loading font information for TS1+cmr on input line 64.
 (/usr/local/texlive/2017/texmf-dist/tex/latex/base/ts1cmr.fd
File: ts1cmr.fd 2014/09/29 v2.5h Standard LaTeX font definitions
)
LaTeX Font Info:    ... okay on input line 64.
LaTeX Font Info:    Checking defaults for PD1/pdf/m/n on input line 64.
LaTeX Font Info:    ... okay on input line 64.

(/usr/local/texlive/2017/texmf-dist/tex/context/base/mkii/supp-pdf.mkii
[Loading MPS to PDF converter (version 2006.09.02).]
\scratchcounter=\count101
\scratchdimen=\dimen109
\scratchbox=\box27
\nofMPsegments=\count102
\nofMParguments=\count103
\everyMPshowfont=\toks18
\MPscratchCnt=\count104
\MPscratchDim=\dimen110
\MPnumerator=\count105
\makeMPintoPDFobject=\count106
\everyMPtoPDFconversion=\toks19
) (/usr/local/texlive/2017/texmf-dist/tex/latex/oberdiek/epstopdf-base.sty
Package: epstopdf-base 2016/05/15 v2.6 Base part for package epstopdf

(/usr/local/texlive/2017/texmf-dist/tex/latex/oberdiek/grfext.sty
Package: grfext 2016/05/16 v1.2 Manage graphics extensions (HO)
)
Package epstopdf-base Info: Redefining graphics rule for `.eps' on input line 4
38.
Package grfext Info: Graphics extension search list:
(grfext)             [.pdf,.png,.jpg,.mps,.jpeg,.jbig2,.jb2,.PDF,.PNG,.JPG,.JPE
G,.JBIG2,.JB2,.eps]
(grfext)             \AppendGraphicsExtensions on input line 456.

(/usr/local/texlive/2017/texmf-dist/tex/latex/latexconfig/epstopdf-sys.cfg
File: epstopdf-sys.cfg 2010/07/13 v1.3 Configuration of (r)epstopdf for TeX Liv
e
))
\AtBeginShipoutBox=\box28
Package hyperref Info: Link coloring ON on input line 64.

(/usr/local/texlive/2017/texmf-dist/tex/latex/hyperref/nameref.sty
Package: nameref 2016/05/21 v2.44 Cross-referencing by name of section

(/usr/local/texlive/2017/texmf-dist/tex/generic/oberdiek/gettitlestring.sty
Package: gettitlestring 2016/05/16 v1.5 Cleanup title references (HO)
)
\c@section@level=\count107
)
LaTeX Info: Redefining \ref on input line 64.
LaTeX Info: Redefining \pageref on input line 64.
LaTeX Info: Redefining \nameref on input line 64.

(./CARBayes.out) (./CARBayes.out)
\@outlinefile=\write4
\openout4 = `CARBayes.out'.

LaTeX Font Info:    Try loading font information for T1+aess on input line 64.

(/usr/local/texlive/2017/texmf-dist/tex/latex/ae/t1aess.fd
File: t1aess.fd 1997/11/16 Font definitions for T1/aess.
)
LaTeX Font Info:    Try loading font information for U+msa on input line 64.

(/usr/local/texlive/2017/texmf-dist/tex/latex/amsfonts/umsa.fd
File: umsa.fd 2013/01/14 v3.01 AMS symbols A
)
LaTeX Font Info:    Try loading font information for U+msb on input line 64.

(/usr/local/texlive/2017/texmf-dist/tex/latex/amsfonts/umsb.fd
File: umsb.fd 2013/01/14 v3.01 AMS symbols B
)
(./CARBayes-concordance.tex)
Underfull \vbox (badness 1881) has occurred while \output is active []

 [1

{/usr/local/texlive/2017/texmf-var/fonts/map/pdftex/updmap/pdftex.map}]
LaTeX Font Info:    Try loading font information for T1+aett on input line 81.

(/usr/local/texlive/2017/texmf-dist/tex/latex/ae/t1aett.fd
File: t1aett.fd 1997/11/16 Font definitions for T1/aett.
)
LaTeX Font Info:    Font shape `T1/aer/b/sl' in size <10.95> not available
(Font)              Font shape `T1/aer/bx/sl' tried instead on input line 84.

Overfull \hbox (5.47499pt too wide) has occurred while \output is active
\T1/aer/m/n/10.95 2 []
 []

[2]
Overfull \hbox (5.47499pt too wide) has occurred while \output is active
[] \T1/aer/m/n/10.95 3
 []

[3]
LaTeX Font Info:    Try loading font information for TS1+aer on input line 109.

 (/Library/Frameworks/R.framework/Resources/share/texmf/tex/latex/ts1aer.fd
File: ts1aer.fd 
)
LaTeX Font Info:    Font shape `TS1/aer/m/n' in size <10.95> not available
(Font)              Font shape `TS1/cmr/m/n' tried instead on input line 109.

Overfull \hbox (5.47499pt too wide) has occurred while \output is active
\T1/aer/m/n/10.95 4 []
 []

[4]
Underfull \hbox (badness 10000) in paragraph at lines 141--142

 []


Overfull \hbox (5.47499pt too wide) has occurred while \output is active
[] \T1/aer/m/n/10.95 5
 []

[5]
Underfull \hbox (badness 10000) in paragraph at lines 160--161

 []


Underfull \hbox (badness 10000) in paragraph at lines 184--185

 []


Overfull \hbox (5.47499pt too wide) has occurred while \output is active
\T1/aer/m/n/10.95 6 []
 []

[6]
Underfull \hbox (badness 10000) in paragraph at lines 206--207

 []


Overfull \hbox (5.47499pt too wide) has occurred while \output is active
[] \T1/aer/m/n/10.95 7
 []

[7]
Underfull \hbox (badness 10000) in paragraph at lines 239--240

 []


Overfull \hbox (5.47499pt too wide) has occurred while \output is active
\T1/aer/m/n/10.95 8 []
 []

[8]
Overfull \hbox (5.32695pt too wide) in paragraph at lines 241--242
\T1/aer/m/n/10.95 gamma prior dis-tri-bu-tion, where the de-fault spec-i-fi-ca-
tion is $\OML/cmm/m/it/10.95 ^^W[] \OMS/cmsy/m/n/10.95 ^^X []\OT1/cmr/m/n/10.95
 (1\OML/cmm/m/it/10.95 ; \OT1/cmr/m/n/10.95 0\OML/cmm/m/it/10.95 :\OT1/cmr/m/n/
10.95 01)$\T1/aer/m/n/10.95 . 
 []


Underfull \hbox (badness 10000) in paragraph at lines 243--244

 []


Underfull \hbox (badness 10000) in paragraph at lines 250--251

 []


Underfull \hbox (badness 10000) in paragraph at lines 252--254

 []


Overfull \hbox (5.47499pt too wide) has occurred while \output is active
[] \T1/aer/m/n/10.95 9
 []

[9]pdfTeX warning (ext4): destination with the same identifier (name{equation.2
.10}) has been already used, duplicate ignored
<to be read again> 
                   \relax 
l.284 \begin{eqnarray}
                      pdfTeX warning (ext4): destination with the same identifi
er (name{equation.2.10}) has been already used, duplicate ignored
<to be read again> 
                   \relax 
l.284 \begin{eqnarray}
                      pdfTeX warning (ext4): destination with the same identifi
er (name{equation.2.10}) has been already used, duplicate ignored
<to be read again> 
                   \relax 
l.284 \begin{eqnarray}
                      pdfTeX warning (ext4): destination with the same identifi
er (name{equation.2.10}) has been already used, duplicate ignored
<to be read again> 
                   \relax 
l.284 \begin{eqnarray}
                      
Underfull \hbox (badness 10000) in paragraph at lines 295--296

 []


Overfull \hbox (5.32695pt too wide) in paragraph at lines 297--298
\T1/aer/m/n/10.95 gamma prior dis-tri-bu-tion, where the de-fault spec-i-fi-ca-
tion is $\OML/cmm/m/it/10.95 ^^W[] \OMS/cmsy/m/n/10.95 ^^X []\OT1/cmr/m/n/10.95
 (1\OML/cmm/m/it/10.95 ; \OT1/cmr/m/n/10.95 0\OML/cmm/m/it/10.95 :\OT1/cmr/m/n/
10.95 01)$\T1/aer/m/n/10.95 . 
 []


Underfull \hbox (badness 10000) in paragraph at lines 302--303

 []


Overfull \hbox (10.94998pt too wide) has occurred while \output is active
\T1/aer/m/n/10.95 10 []
 []

[10]
Underfull \vbox (badness 4120) has occurred while \output is active []


Overfull \hbox (10.94998pt too wide) has occurred while \output is active
[] \T1/aer/m/n/10.95 11
 []

[11]
Overfull \hbox (24.45966pt too wide) in paragraph at lines 340--341
[]\T1/aer/m/n/10.95 The soft-ware can fit seven mod-els: \T1/aett/m/n/10.95 S.g
lm()\T1/aer/m/n/10.95 , \T1/aett/m/n/10.95 S.CARbym()\T1/aer/m/n/10.95 , \T1/ae
tt/m/n/10.95 S.CARleroux()\T1/aer/m/n/10.95 , \T1/aett/m/n/10.95 S.CARdissimila
rity()
 []


Overfull \hbox (32.35724pt too wide) in paragraph at lines 345--346
[]\T1/aett/m/n/10.95 family \T1/aer/m/n/10.95 - The like-li-hood model which mu
st be one of \T1/aett/m/n/10.95 "binomial"\T1/aer/m/n/10.95 , \T1/aett/m/n/10.9
5 "gaussian"\T1/aer/m/n/10.95 , \T1/aett/m/n/10.95 "multinomial"\T1/aer/m/n/10.
95 ,
 []


Overfull \hbox (10.94998pt too wide) has occurred while \output is active
\T1/aer/m/n/10.95 12 []
 []

[12]
Overfull \hbox (1.72365pt too wide) in paragraph at lines 380--381
[]\T1/aett/m/n/10.95 modelfit \T1/aer/m/n/10.95 - Model fit cri-te-ria in-clud-
ing the De-viance In-for-ma-tion Cri-te-rion (DIC, [][]Spiegel-
 []


Overfull \hbox (10.94998pt too wide) has occurred while \output is active
[] \T1/aer/m/n/10.95 13
 []

[13]
Overfull \hbox (16.98924pt too wide) in paragraph at lines 384--385
[]\T1/aett/m/n/10.95 localised.structure \T1/aer/m/n/10.95 - This el-e-ment is 
\T1/aett/m/n/10.95 NULL \T1/aer/m/n/10.95 ex-cept for the mod-els \T1/aett/m/n/
10.95 S.CARdissimilarity()
 []


Overfull \hbox (10.94998pt too wide) has occurred while \output is active
\T1/aer/m/n/10.95 14 []
 []

[14]
Overfull \hbox (1.80229pt too wide) in paragraph at lines 425--426
\T1/aer/m/n/10.95 the sec-ond line of the above code. The \T1/aett/m/n/10.95 da
ta.combined \T1/aer/m/n/10.95 ob-ject is a \T1/aett/m/n/10.95 SpatialPolygonsDa
taFrame
 []


Underfull \hbox (badness 10000) in paragraph at lines 453--454

 []


Overfull \hbox (10.94998pt too wide) has occurred while \output is active
[] \T1/aer/m/n/10.95 15
 []

[15]
Underfull \hbox (badness 10000) in paragraph at lines 499--500

 []


Overfull \hbox (10.94998pt too wide) has occurred while \output is active
\T1/aer/m/n/10.95 16 []
 []

[16]
<map1.png, id=412, 1035.87pt x 696.6025pt>
File: map1.png Graphic file (type png)
<use map1.png>
Package pdftex.def Info: map1.png  used on input line 503.
(pdftex.def)             Requested size: 354.12434pt x 238.13849pt.

Overfull \hbox (10.94998pt too wide) has occurred while \output is active
[] \T1/aer/m/n/10.95 17
 []

[17 <./map1.png>]
Overfull \hbox (10.94998pt too wide) has occurred while \output is active
\T1/aer/m/n/10.95 18 []
 []

[18]
Overfull \hbox (10.94998pt too wide) has occurred while \output is active
[] \T1/aer/m/n/10.95 19
 []

[19]
Overfull \hbox (10.94998pt too wide) has occurred while \output is active
\T1/aer/m/n/10.95 20 []
 []

[20]
<crimeplot.png, id=446, 1035.87pt x 633.36626pt>
File: crimeplot.png Graphic file (type png)
<use crimeplot.png>
Package pdftex.def Info: crimeplot.png  used on input line 673.
(pdftex.def)             Requested size: 354.12434pt x 216.52074pt.

Overfull \hbox (10.94998pt too wide) has occurred while \output is active
[] \T1/aer/m/n/10.95 21
 []

[21 <./crimeplot.png>]
Overfull \hbox (10.94998pt too wide) has occurred while \output is active
\T1/aer/m/n/10.95 22 []
 []

[22]
<map2.png, id=466, 1035.87pt x 693.59125pt>
File: map2.png Graphic file (type png)
<use map2.png>
Package pdftex.def Info: map2.png  used on input line 754.
(pdftex.def)             Requested size: 354.12434pt x 237.10907pt.

Overfull \hbox (10.94998pt too wide) has occurred while \output is active
[] \T1/aer/m/n/10.95 23
 []

[23 <./map2.png>]
Overfull \hbox (0.3704pt too wide) in paragraph at lines 774--775
[]\T1/aer/m/n/10.95 Let the ob-served and ex-pected num-bers of hos-pi-tal ad-m
is-sions be de-noted by $\OT1/cmr/bx/n/10.95 Y \OT1/cmr/m/n/10.95 = (\OML/cmm/m
/it/10.95 Y[]; [] ; Y[]\OT1/cmr/m/n/10.95 )$
 []


Overfull \hbox (10.94998pt too wide) has occurred while \output is active
\T1/aer/m/n/10.95 24 []
 []

[24]
Overfull \hbox (10.94998pt too wide) has occurred while \output is active
[] \T1/aer/m/n/10.95 25
 []

[25]
<map3.png, id=492, 1035.87pt x 693.59125pt>
File: map3.png Graphic file (type png)
<use map3.png>
Package pdftex.def Info: map3.png  used on input line 856.
(pdftex.def)             Requested size: 354.12434pt x 237.10907pt.

Overfull \hbox (10.94998pt too wide) has occurred while \output is active
\T1/aer/m/n/10.95 26 []
 []

[26] (./CARBayes.bbl
LaTeX Font Info:    Font shape `T1/aess/m/it' in size <10.95> not available
(Font)              Font shape `T1/aess/m/sl' tried instead on input line 16.

Overfull \hbox (10.94998pt too wide) has occurred while \output is active
[] \T1/aer/m/n/10.95 27
 []

[27 <./map3.png>]
Overfull \hbox (10.94998pt too wide) has occurred while \output is active
\T1/aer/m/n/10.95 28 []
 []

[28]
Overfull \hbox (10.94998pt too wide) has occurred while \output is active
[] \T1/aer/m/n/10.95 29
 []

[29]
Overfull \hbox (10.94998pt too wide) has occurred while \output is active
\T1/aer/m/n/10.95 30 []
 []

[30])
Package atveryend Info: Empty hook `BeforeClearDocument' on input line 873.

Overfull \hbox (10.94998pt too wide) has occurred while \output is active
[] \T1/aer/m/n/10.95 31
 []

[31]
Package atveryend Info: Empty hook `AfterLastShipout' on input line 873.
 (./CARBayes.aux)
Package atveryend Info: Executing hook `AtVeryEndDocument' on input line 873.
Package atveryend Info: Executing hook `AtEndAfterFileList' on input line 873.
Package rerunfilecheck Info: File `CARBayes.out' has not changed.
(rerunfilecheck)             Checksum: 50F265D0ED89AB76D2A24A79893B0EB1;2878.
Package atveryend Info: Empty hook `AtVeryVeryEnd' on input line 873.
 ) 
Here is how much of TeX's memory you used:
 7525 strings out of 492982
 110850 string characters out of 6132527
 191318 words of memory out of 5000000
 10771 multiletter control sequences out of 15000+600000
 59883 words of font info for 115 fonts, out of 8000000 for 9000
 1141 hyphenation exceptions out of 8191
 35i,12n,34p,1846b,513s stack positions out of 5000i,500n,10000p,200000b,80000s
{/usr/local/texlive/2017/texmf-dist/fonts/enc/dvips/cm-super/cm-super-ts1.enc
}</usr/local/texlive/2017/texmf-dist/fonts/type1/public/amsfonts/cm/cmb10.pfb><
/usr/local/texlive/2017/texmf-dist/fonts/type1/public/amsfonts/cm/cmbx10.pfb></
usr/local/texlive/2017/texmf-dist/fonts/type1/public/amsfonts/cm/cmbx12.pfb></u
sr/local/texlive/2017/texmf-dist/fonts/type1/public/amsfonts/cm/cmbxsl10.pfb></
usr/local/texlive/2017/texmf-dist/fonts/type1/public/amsfonts/cm/cmex10.pfb></u
sr/local/texlive/2017/texmf-dist/fonts/type1/public/amsfonts/cm/cmmi10.pfb></us
r/local/texlive/2017/texmf-dist/fonts/type1/public/amsfonts/cm/cmmi6.pfb></usr/
local/texlive/2017/texmf-dist/fonts/type1/public/amsfonts/cm/cmmi8.pfb></usr/lo
cal/texlive/2017/texmf-dist/fonts/type1/public/amsfonts/cm/cmmib10.pfb></usr/lo
cal/texlive/2017/texmf-dist/fonts/type1/public/amsfonts/cm/cmr10.pfb></usr/loca
l/texlive/2017/texmf-dist/fonts/type1/public/amsfonts/cm/cmr8.pfb></usr/local/t
exlive/2017/texmf-dist/fonts/type1/public/amsfonts/cm/cmsl10.pfb></usr/local/te
xlive/2017/texmf-dist/fonts/type1/public/amsfonts/cm/cmsltt10.pfb></usr/local/t
exlive/2017/texmf-dist/fonts/type1/public/amsfonts/cm/cmss10.pfb></usr/local/te
xlive/2017/texmf-dist/fonts/type1/public/amsfonts/cm/cmssbx10.pfb></usr/local/t
exlive/2017/texmf-dist/fonts/type1/public/amsfonts/cm/cmssi10.pfb></usr/local/t
exlive/2017/texmf-dist/fonts/type1/public/amsfonts/cm/cmsy10.pfb></usr/local/te
xlive/2017/texmf-dist/fonts/type1/public/amsfonts/cm/cmsy8.pfb></usr/local/texl
ive/2017/texmf-dist/fonts/type1/public/amsfonts/cm/cmti10.pfb></usr/local/texli
ve/2017/texmf-dist/fonts/type1/public/amsfonts/cm/cmti12.pfb></usr/local/texliv
e/2017/texmf-dist/fonts/type1/public/amsfonts/cm/cmtt10.pfb></usr/local/texlive
/2017/texmf-dist/fonts/type1/public/cm-super/sfrm1095.pfb>
Output written on CARBayes.pdf (31 pages, 2035923 bytes).
PDF statistics:
 656 PDF objects out of 1000 (max. 8388607)
 586 compressed objects within 6 object streams
 148 named destinations out of 1000 (max. 500000)
 201 words of extra memory for PDF output out of 10000 (max. 10000000)

